Using pre-set license
Built from '2020.3/staging' branch; Version is '2020.3.14f1 (d0d1bb862f9d) revision 13685179'; Using compiler version '192528614'; Build Type 'Release'
OS: 'Windows 10 Education; OS build 19042.1237; Version 2009; 64bit' Language: 'en' Physical Memory: 16180 MB
BatchMode: 1, IsHumanControllingUs: 0, StartBugReporterOnCrash: 0, Is64bit: 1, IsPro: 0

 COMMAND LINE ARGUMENTS:
C:\Program Files\Unity\Editor\Unity.exe
-adb2
-batchMode
-noUpm
-name
AssetImportWorker0
-projectPath
C:/Users/w0438214/OneDrive - Nova Scotia Community College/Game Cinematics/Animation Challenge
-logFile
Logs/AssetImportWorker0.log
-srvPort
65448
Successfully changed project path to: C:/Users/w0438214/OneDrive - Nova Scotia Community College/Game Cinematics/Animation Challenge
C:/Users/w0438214/OneDrive - Nova Scotia Community College/Game Cinematics/Animation Challenge
Using Asset Import Pipeline V2.
Refreshing native plugins compatible for Editor in 26.72 ms, found 2 plugins.
Preloading 0 native plugins for Editor in 0.00 ms.
Initialize engine version: 2020.3.14f1 (d0d1bb862f9d)
[Subsystems] Discovering subsystems at path C:/Program Files/Unity/Editor/Data/Resources/UnitySubsystems
[Subsystems] Discovering subsystems at path C:/Users/w0438214/OneDrive - Nova Scotia Community College/Game Cinematics/Animation Challenge/Assets
GfxDevice: creating device client; threaded=0
Direct3D:
    Version:  Direct3D 11.0 [level 11.0]
    Renderer: NVIDIA Quadro K2200 (ID=0x13ba)
    Vendor:   
    VRAM:     4053 MB
    Driver:   27.21.14.6192
Initialize mono
Mono path[0] = 'C:/Program Files/Unity/Editor/Data/Managed'
Mono path[1] = 'C:/Program Files/Unity/Editor/Data/MonoBleedingEdge/lib/mono/unityjit'
Mono config path = 'C:/Program Files/Unity/Editor/Data/MonoBleedingEdge/etc'
Using monoOptions --debugger-agent=transport=dt_socket,embedding=1,server=y,suspend=n,address=127.0.0.1:56144
Begin MonoManager ReloadAssembly
Registering precompiled unity dll's ...
Register platform support module: C:/Program Files/Unity/Editor/Data/PlaybackEngines/WindowsStandaloneSupport/UnityEditor.WindowsStandalone.Extensions.dll
Registered in 0.001978 seconds.
Native extension for WindowsStandalone target not found
Refreshing native plugins compatible for Editor in 25.17 ms, found 2 plugins.
Preloading 0 native plugins for Editor in 0.00 ms.
Mono: successfully reloaded assembly
- Completed reload, in  0.994 seconds
Domain Reload Profiling:
	ReloadAssembly (995ms)
		BeginReloadAssembly (52ms)
			ExecutionOrderSort (0ms)
			DisableScriptedObjects (0ms)
			BackupInstance (0ms)
			ReleaseScriptingObjects (0ms)
			CreateAndSetChildDomain (1ms)
		EndReloadAssembly (403ms)
			LoadAssemblies (50ms)
			RebuildTransferFunctionScriptingTraits (0ms)
			SetupTypeCache (153ms)
			ReleaseScriptCaches (0ms)
			RebuildScriptCaches (32ms)
			SetupLoadedEditorAssemblies (149ms)
				LogAssemblyErrors (0ms)
				InitializePlatformSupportModulesInManaged (4ms)
				SetLoadedEditorAssemblies (0ms)
				RefreshPlugins (25ms)
				BeforeProcessingInitializeOnLoad (13ms)
				ProcessInitializeOnLoadAttributes (79ms)
				ProcessInitializeOnLoadMethodAttributes (28ms)
				AfterProcessingInitializeOnLoad (0ms)
				EditorAssembliesLoaded (0ms)
			ExecutionOrderSort2 (0ms)
			AwakeInstancesAfterBackupRestoration (0ms)
Platform modules already initialized, skipping
Registering precompiled user dll's ...
Registered in 0.003913 seconds.
Begin MonoManager ReloadAssembly
Native extension for WindowsStandalone target not found
Refreshing native plugins compatible for Editor in 0.28 ms, found 2 plugins.
Preloading 0 native plugins for Editor in 0.00 ms.
Mono: successfully reloaded assembly
- Completed reload, in  0.990 seconds
Domain Reload Profiling:
	ReloadAssembly (991ms)
		BeginReloadAssembly (142ms)
			ExecutionOrderSort (0ms)
			DisableScriptedObjects (4ms)
			BackupInstance (0ms)
			ReleaseScriptingObjects (0ms)
			CreateAndSetChildDomain (19ms)
		EndReloadAssembly (785ms)
			LoadAssemblies (84ms)
			RebuildTransferFunctionScriptingTraits (0ms)
			SetupTypeCache (273ms)
			ReleaseScriptCaches (0ms)
			RebuildScriptCaches (42ms)
			SetupLoadedEditorAssemblies (293ms)
				LogAssemblyErrors (0ms)
				InitializePlatformSupportModulesInManaged (5ms)
				SetLoadedEditorAssemblies (0ms)
				RefreshPlugins (0ms)
				BeforeProcessingInitializeOnLoad (86ms)
				ProcessInitializeOnLoadAttributes (191ms)
				ProcessInitializeOnLoadMethodAttributes (4ms)
				AfterProcessingInitializeOnLoad (7ms)
				EditorAssembliesLoaded (0ms)
			ExecutionOrderSort2 (0ms)
			AwakeInstancesAfterBackupRestoration (6ms)
Platform modules already initialized, skipping
========================================================================
Worker process is ready to serve import requests
Launched and connected shader compiler UnityShaderCompiler.exe after 0.04 seconds
Refreshing native plugins compatible for Editor in 0.52 ms, found 2 plugins.
Preloading 0 native plugins for Editor in 0.00 ms.
Unloading 1390 Unused Serialized files (Serialized files now loaded: 0)
System memory in use before: 65.2 MB.
System memory in use after: 65.3 MB.

Unloading 19 unused Assets to reduce memory usage. Loaded Objects now: 1823.
Total: 2.035300 ms (FindLiveObjects: 0.139100 ms CreateObjectMapping: 0.047700 ms MarkObjects: 1.770700 ms  DeleteObjects: 0.076500 ms)

AssetImportParameters requested are different than current active one (requested -> active):
  custom:framework-win-MediaFoundation: 216162199b28c13a410421893ffa2e32 -> 
  custom:video-decoder-ogg-theora: a1e56fd34408186e4bbccfd4996cb3dc -> 
  custom:container-muxer-webm: aa71ff27fc2769a1b78a27578f13a17b -> 
  custom:container-demuxer-webm: 4f35f7cbe854078d1ac9338744f61a02 -> 
  custom:container-demuxer-ogg: 62fdf1f143b41e24485cea50d1cbac27 -> 
  custom:video-encoder-webm-vp8: eb34c28f22e8b96e1ab97ce403110664 -> 
  custom:video-decoder-webm-vp8: 9c59270c3fd7afecdb556c50c9e8de78 -> 
  custom:audio-decoder-ogg-vorbis: bf7c407c2cedff20999df2af8eb42d56 -> 
  custom:audio-encoder-webm-vorbis: bf7c407c2cedff20999df2af8eb42d56 -> 
========================================================================
Received Import Request.
  path: Assets
  artifactKey: Guid(00000000000000001000000000000000) Importer(815301076,1909f56bfc062723c751e8b465ee728b)
Start importing Assets using Guid(00000000000000001000000000000000) Importer(815301076,1909f56bfc062723c751e8b465ee728b)  -> (artifact id: '42d402b061de3733987d63b9cc3b64de') in 0.009350 seconds 
  Import took 0.011447 seconds .

========================================================================
Received Import Request.
  Time since last request: 12.639063 seconds.
  path: Assets/Scenes
  artifactKey: Guid(8ee4dbed39f2fd74ba908e504ee066ac) Importer(815301076,1909f56bfc062723c751e8b465ee728b)
Start importing Assets/Scenes using Guid(8ee4dbed39f2fd74ba908e504ee066ac) Importer(815301076,1909f56bfc062723c751e8b465ee728b)  -> (artifact id: '47e6bf073bfd8a49f2b7c2e7a07db52c') in 0.008396 seconds 
  Import took 0.010638 seconds .

========================================================================
Received Import Request.
  Time since last request: 17.972121 seconds.
  path: Assets/Scenes/animated objects
  artifactKey: Guid(1307c90007cbdb249a8640a7e62641d8) Importer(815301076,1909f56bfc062723c751e8b465ee728b)
Start importing Assets/Scenes/animated objects using Guid(1307c90007cbdb249a8640a7e62641d8) Importer(815301076,1909f56bfc062723c751e8b465ee728b)  -> (artifact id: '3c4275d5a2ac6774a962172fbad4361f') in 0.007614 seconds 
  Import took 0.009879 seconds .

========================================================================
Received Import Request.
  Time since last request: 50.300027 seconds.
  path: Assets/Animated objects
  artifactKey: Guid(e75c5d8c80ee38f4b8dd2c150dda9707) Importer(815301076,1909f56bfc062723c751e8b465ee728b)
Start importing Assets/Animated objects using Guid(e75c5d8c80ee38f4b8dd2c150dda9707) Importer(815301076,1909f56bfc062723c751e8b465ee728b)  -> (artifact id: 'fd24dde53ebcc5e8b0d0beed288528ed') in 0.009744 seconds 
  Import took 0.012238 seconds .

========================================================================
Received Import Request.
  Time since last request: 247.871950 seconds.
  path: Assets/Animated objects/cube
  artifactKey: Guid(8f17f3e8984a16b40be6ae464adf55b7) Importer(815301076,1909f56bfc062723c751e8b465ee728b)
Start importing Assets/Animated objects/cube using Guid(8f17f3e8984a16b40be6ae464adf55b7) Importer(815301076,1909f56bfc062723c751e8b465ee728b)  -> (artifact id: 'de956be0dcc2016431dc464f6015c710') in 0.010484 seconds 
  Import took 0.012760 seconds .

========================================================================
Received Import Request.
  Time since last request: 9.399477 seconds.
  path: Assets/Animated objects/cube/spin
  artifactKey: Guid(4fa151a4ff9def04683ef3bac528d31b) Importer(815301076,1909f56bfc062723c751e8b465ee728b)
Start importing Assets/Animated objects/cube/spin using Guid(4fa151a4ff9def04683ef3bac528d31b) Importer(815301076,1909f56bfc062723c751e8b465ee728b)  -> (artifact id: 'f054a31991c94fbae856e7e614338617') in 0.009520 seconds 
  Import took 0.012003 seconds .

========================================================================
Received Import Request.
  Time since last request: 7.856182 seconds.
  path: Assets/Cube.controller
  artifactKey: Guid(f84a1cbc536436141b0186f88810df86) Importer(815301076,1909f56bfc062723c751e8b465ee728b)
Start importing Assets/Cube.controller using Guid(f84a1cbc536436141b0186f88810df86) Importer(815301076,1909f56bfc062723c751e8b465ee728b)  -> (artifact id: '8332469fc1f9c17665cb5baa9016ddad') in 0.038364 seconds 
  Import took 0.040669 seconds .

========================================================================
Received Import Request.
  Time since last request: 0.856573 seconds.
  path: Assets/cube.anim
  artifactKey: Guid(825c1f24a3fee334db1a19d228ca9d28) Importer(815301076,1909f56bfc062723c751e8b465ee728b)
Start importing Assets/cube.anim using Guid(825c1f24a3fee334db1a19d228ca9d28) Importer(815301076,1909f56bfc062723c751e8b465ee728b)  -> (artifact id: '1aac27783a3c29de1453074274b89e86') in 0.005920 seconds 
  Import took 0.008101 seconds .

========================================================================
Received Import Request.
  Time since last request: 0.006213 seconds.
  path: Assets/cube.anim
  artifactKey: Guid(825c1f24a3fee334db1a19d228ca9d28) Importer(815301076,1909f56bfc062723c751e8b465ee728b)
Start importing Assets/cube.anim using Guid(825c1f24a3fee334db1a19d228ca9d28) Importer(815301076,1909f56bfc062723c751e8b465ee728b)  -> (artifact id: '1aac27783a3c29de1453074274b89e86') in 0.002877 seconds 
  Import took 0.005185 seconds .

========================================================================
Received Import Request.
  Time since last request: 6.576082 seconds.
  path: Assets/Animated objects/cube.anim
  artifactKey: Guid(825c1f24a3fee334db1a19d228ca9d28) Importer(815301076,1909f56bfc062723c751e8b465ee728b)
Start importing Assets/Animated objects/cube.anim using Guid(825c1f24a3fee334db1a19d228ca9d28) Importer(815301076,1909f56bfc062723c751e8b465ee728b)  -> (artifact id: '74af97c0b43e8e2639ada207b05e9ca1') in 0.002737 seconds 
  Import took 0.005227 seconds .

========================================================================
Received Import Request.
  Time since last request: 95.735630 seconds.
  path: Assets/Animated objects/light
  artifactKey: Guid(b1136edf53fefed4da37e927462b5ead) Importer(815301076,1909f56bfc062723c751e8b465ee728b)
Start importing Assets/Animated objects/light using Guid(b1136edf53fefed4da37e927462b5ead) Importer(815301076,1909f56bfc062723c751e8b465ee728b)  -> (artifact id: '8a977f34f9241f0470926087ebf0e304') in 0.007470 seconds 
  Import took 0.009915 seconds .

========================================================================
Received Import Request.
  Time since last request: 960.388196 seconds.
  path: Assets/Spot Light.controller
  artifactKey: Guid(571b92a655115574c846dcb4a86b263a) Importer(815301076,1909f56bfc062723c751e8b465ee728b)
Start importing Assets/Spot Light.controller using Guid(571b92a655115574c846dcb4a86b263a) Importer(815301076,1909f56bfc062723c751e8b465ee728b)  -> (artifact id: '6f1f92756f845923907a6f6f7c0fb3fd') in 0.020029 seconds 
  Import took 0.023047 seconds .

========================================================================
Received Prepare
Registering precompiled user dll's ...
Registered in 0.003783 seconds.
Begin MonoManager ReloadAssembly
Native extension for WindowsStandalone target not found
Refreshing native plugins compatible for Editor in 0.29 ms, found 2 plugins.
Preloading 0 native plugins for Editor in 0.00 ms.
Mono: successfully reloaded assembly
- Completed reload, in  0.885 seconds
Domain Reload Profiling:
	ReloadAssembly (885ms)
		BeginReloadAssembly (113ms)
			ExecutionOrderSort (0ms)
			DisableScriptedObjects (5ms)
			BackupInstance (0ms)
			ReleaseScriptingObjects (0ms)
			CreateAndSetChildDomain (29ms)
		EndReloadAssembly (714ms)
			LoadAssemblies (78ms)
			RebuildTransferFunctionScriptingTraits (0ms)
			SetupTypeCache (249ms)
			ReleaseScriptCaches (1ms)
			RebuildScriptCaches (34ms)
			SetupLoadedEditorAssemblies (266ms)
				LogAssemblyErrors (0ms)
				InitializePlatformSupportModulesInManaged (4ms)
				SetLoadedEditorAssemblies (1ms)
				RefreshPlugins (0ms)
				BeforeProcessingInitializeOnLoad (76ms)
				ProcessInitializeOnLoadAttributes (174ms)
				ProcessInitializeOnLoadMethodAttributes (3ms)
				AfterProcessingInitializeOnLoad (6ms)
				EditorAssembliesLoaded (0ms)
			ExecutionOrderSort2 (0ms)
			AwakeInstancesAfterBackupRestoration (6ms)
Platform modules already initialized, skipping
Refreshing native plugins compatible for Editor in 0.28 ms, found 2 plugins.
Preloading 0 native plugins for Editor in 0.00 ms.
Unloading 1385 Unused Serialized files (Serialized files now loaded: 0)
System memory in use before: 65.2 MB.
System memory in use after: 65.3 MB.

Unloading 14 unused Assets to reduce memory usage. Loaded Objects now: 1826.
Total: 2.087900 ms (FindLiveObjects: 0.126200 ms CreateObjectMapping: 0.038200 ms MarkObjects: 1.828600 ms  DeleteObjects: 0.094100 ms)

AssetImportParameters requested are different than current active one (requested -> active):
  custom:framework-win-MediaFoundation: 216162199b28c13a410421893ffa2e32 -> 
  custom:video-decoder-ogg-theora: a1e56fd34408186e4bbccfd4996cb3dc -> 
  custom:container-muxer-webm: aa71ff27fc2769a1b78a27578f13a17b -> 
  custom:container-demuxer-webm: 4f35f7cbe854078d1ac9338744f61a02 -> 
  custom:container-demuxer-ogg: 62fdf1f143b41e24485cea50d1cbac27 -> 
  custom:video-encoder-webm-vp8: eb34c28f22e8b96e1ab97ce403110664 -> 
  custom:video-decoder-webm-vp8: 9c59270c3fd7afecdb556c50c9e8de78 -> 
  custom:audio-decoder-ogg-vorbis: bf7c407c2cedff20999df2af8eb42d56 -> 
  custom:audio-encoder-webm-vorbis: bf7c407c2cedff20999df2af8eb42d56 -> 
========================================================================
Received Import Request.
  Time since last request: 9.328866 seconds.
  path: Assets/Animated objects/lightmove.anim
  artifactKey: Guid(99c7a74b2c87381468ea04ef15da72cb) Importer(815301076,1909f56bfc062723c751e8b465ee728b)
Start importing Assets/Animated objects/lightmove.anim using Guid(99c7a74b2c87381468ea04ef15da72cb) Importer(815301076,1909f56bfc062723c751e8b465ee728b)  -> (artifact id: 'd2453cf6b636548ac0b35840a993b52e') in 0.015282 seconds 
  Import took 0.017913 seconds .

========================================================================
Received Import Request.
  Time since last request: 0.001586 seconds.
  path: Assets/Animated objects/lightmove.anim
  artifactKey: Guid(99c7a74b2c87381468ea04ef15da72cb) Importer(815301076,1909f56bfc062723c751e8b465ee728b)
Start importing Assets/Animated objects/lightmove.anim using Guid(99c7a74b2c87381468ea04ef15da72cb) Importer(815301076,1909f56bfc062723c751e8b465ee728b)  -> (artifact id: 'd2453cf6b636548ac0b35840a993b52e') in 0.002844 seconds 
  Import took 0.005123 seconds .

========================================================================
Received Prepare
Registering precompiled user dll's ...
Registered in 0.003828 seconds.
Begin MonoManager ReloadAssembly
Native extension for WindowsStandalone target not found
Refreshing native plugins compatible for Editor in 0.28 ms, found 2 plugins.
Preloading 0 native plugins for Editor in 0.00 ms.
Mono: successfully reloaded assembly
- Completed reload, in  0.906 seconds
Domain Reload Profiling:
	ReloadAssembly (907ms)
		BeginReloadAssembly (103ms)
			ExecutionOrderSort (0ms)
			DisableScriptedObjects (5ms)
			BackupInstance (0ms)
			ReleaseScriptingObjects (0ms)
			CreateAndSetChildDomain (30ms)
		EndReloadAssembly (743ms)
			LoadAssemblies (80ms)
			RebuildTransferFunctionScriptingTraits (0ms)
			SetupTypeCache (255ms)
			ReleaseScriptCaches (1ms)
			RebuildScriptCaches (35ms)
			SetupLoadedEditorAssemblies (282ms)
				LogAssemblyErrors (0ms)
				InitializePlatformSupportModulesInManaged (4ms)
				SetLoadedEditorAssemblies (1ms)
				RefreshPlugins (0ms)
				BeforeProcessingInitializeOnLoad (83ms)
				ProcessInitializeOnLoadAttributes (183ms)
				ProcessInitializeOnLoadMethodAttributes (4ms)
				AfterProcessingInitializeOnLoad (6ms)
				EditorAssembliesLoaded (0ms)
			ExecutionOrderSort2 (0ms)
			AwakeInstancesAfterBackupRestoration (7ms)
Platform modules already initialized, skipping
Refreshing native plugins compatible for Editor in 0.28 ms, found 2 plugins.
Preloading 0 native plugins for Editor in 0.00 ms.
Unloading 1385 Unused Serialized files (Serialized files now loaded: 0)
System memory in use before: 65.2 MB.
System memory in use after: 65.3 MB.

Unloading 14 unused Assets to reduce memory usage. Loaded Objects now: 1829.
Total: 1.948400 ms (FindLiveObjects: 0.130600 ms CreateObjectMapping: 0.036500 ms MarkObjects: 1.728500 ms  DeleteObjects: 0.052000 ms)

AssetImportParameters requested are different than current active one (requested -> active):
  custom:framework-win-MediaFoundation: 216162199b28c13a410421893ffa2e32 -> 
  custom:video-decoder-ogg-theora: a1e56fd34408186e4bbccfd4996cb3dc -> 
  custom:container-muxer-webm: aa71ff27fc2769a1b78a27578f13a17b -> 
  custom:container-demuxer-webm: 4f35f7cbe854078d1ac9338744f61a02 -> 
  custom:container-demuxer-ogg: 62fdf1f143b41e24485cea50d1cbac27 -> 
  custom:video-encoder-webm-vp8: eb34c28f22e8b96e1ab97ce403110664 -> 
  custom:video-decoder-webm-vp8: 9c59270c3fd7afecdb556c50c9e8de78 -> 
  custom:audio-decoder-ogg-vorbis: bf7c407c2cedff20999df2af8eb42d56 -> 
  custom:audio-encoder-webm-vorbis: bf7c407c2cedff20999df2af8eb42d56 -> 
========================================================================
Received Prepare
Registering precompiled user dll's ...
Registered in 0.093521 seconds.
Begin MonoManager ReloadAssembly
Native extension for WindowsStandalone target not found
Refreshing native plugins compatible for Editor in 0.29 ms, found 2 plugins.
Preloading 0 native plugins for Editor in 0.00 ms.
Mono: successfully reloaded assembly
- Completed reload, in  1.022 seconds
Domain Reload Profiling:
	ReloadAssembly (1022ms)
		BeginReloadAssembly (113ms)
			ExecutionOrderSort (0ms)
			DisableScriptedObjects (4ms)
			BackupInstance (0ms)
			ReleaseScriptingObjects (0ms)
			CreateAndSetChildDomain (30ms)
		EndReloadAssembly (846ms)
			LoadAssemblies (88ms)
			RebuildTransferFunctionScriptingTraits (0ms)
			SetupTypeCache (252ms)
			ReleaseScriptCaches (1ms)
			RebuildScriptCaches (36ms)
			SetupLoadedEditorAssemblies (378ms)
				LogAssemblyErrors (0ms)
				InitializePlatformSupportModulesInManaged (5ms)
				SetLoadedEditorAssemblies (0ms)
				RefreshPlugins (0ms)
				BeforeProcessingInitializeOnLoad (81ms)
				ProcessInitializeOnLoadAttributes (280ms)
				ProcessInitializeOnLoadMethodAttributes (4ms)
				AfterProcessingInitializeOnLoad (7ms)
				EditorAssembliesLoaded (0ms)
			ExecutionOrderSort2 (0ms)
			AwakeInstancesAfterBackupRestoration (6ms)
Platform modules already initialized, skipping
Refreshing native plugins compatible for Editor in 0.29 ms, found 2 plugins.
Preloading 0 native plugins for Editor in 0.00 ms.
Unloading 1385 Unused Serialized files (Serialized files now loaded: 0)
System memory in use before: 65.2 MB.
System memory in use after: 65.3 MB.

Unloading 14 unused Assets to reduce memory usage. Loaded Objects now: 1832.
Total: 1.940000 ms (FindLiveObjects: 0.146700 ms CreateObjectMapping: 0.038200 ms MarkObjects: 1.700600 ms  DeleteObjects: 0.053300 ms)

AssetImportParameters requested are different than current active one (requested -> active):
  custom:framework-win-MediaFoundation: 216162199b28c13a410421893ffa2e32 -> 
  custom:video-decoder-ogg-theora: a1e56fd34408186e4bbccfd4996cb3dc -> 
  custom:container-muxer-webm: aa71ff27fc2769a1b78a27578f13a17b -> 
  custom:container-demuxer-webm: 4f35f7cbe854078d1ac9338744f61a02 -> 
  custom:container-demuxer-ogg: 62fdf1f143b41e24485cea50d1cbac27 -> 
  custom:video-encoder-webm-vp8: eb34c28f22e8b96e1ab97ce403110664 -> 
  custom:video-decoder-webm-vp8: 9c59270c3fd7afecdb556c50c9e8de78 -> 
  custom:audio-decoder-ogg-vorbis: bf7c407c2cedff20999df2af8eb42d56 -> 
  custom:audio-encoder-webm-vorbis: bf7c407c2cedff20999df2af8eb42d56 -> 
========================================================================
Received Import Request.
  Time since last request: 1565.708867 seconds.
  path: Assets/Animated objects/cube/Sphere.controller
  artifactKey: Guid(226a62c88c0c73e4b989afbf340b4940) Importer(815301076,1909f56bfc062723c751e8b465ee728b)
Start importing Assets/Animated objects/cube/Sphere.controller using Guid(226a62c88c0c73e4b989afbf340b4940) Importer(815301076,1909f56bfc062723c751e8b465ee728b)  -> (artifact id: 'ca58910cad04dd5cc6ab30e0427dbeca') in 0.022572 seconds 
  Import took 0.025009 seconds .

========================================================================
Received Import Request.
  Time since last request: 23.043603 seconds.
  path: Assets/Animated objects/ball
  artifactKey: Guid(a7eb0fd6d109d7949b4c9e244078391f) Importer(815301076,1909f56bfc062723c751e8b465ee728b)
Start importing Assets/Animated objects/ball using Guid(a7eb0fd6d109d7949b4c9e244078391f) Importer(815301076,1909f56bfc062723c751e8b465ee728b)  -> (artifact id: '001b26bb1f9b89d3c2e8260432e77c63') in 0.009669 seconds 
  Import took 0.012192 seconds .

AssetImportWorkerClient::OnTransportError - code=2 error=End of file
